Build started 2015-05-22 13:43:45.
     1>Project "C:\Users\Frekke\Documents\Visual Studio 2013\Projects\Object-Oriented Programming\OOP_Projektet\DVA222_Project\DVA222_Project\DVA222_Project.vcxproj" on node 2 (Build target(s)).
     1>ClCompile:
         D:\Program Files(x86)\Microsoft Visual Studio 12.0\VC\bin\CL.exe /c /ZI /nologo /W3 /WX- /Od /Oy- /D WIN32 /D _DEBUG /D _CONSOLE /D _UNICODE /D UNICODE /Gm /EHsc /RTC1 /MDd /GS /fp:precise /Zc:wchar_t /Zc:forScope /Yu"stdafx.h" /Fp"Debug\DVA222_Project.pch" /Fo"Debug\\" /Fd"Debug\vc120.pdb" /Gd /TP /analyze- /errorReport:prompt Panel.cpp
         Panel.cpp
       Link:
         D:\Program Files(x86)\Microsoft Visual Studio 12.0\VC\bin\link.exe /ERRORREPORT:PROMPT /OUT:"C:\Users\Frekke\Documents\Visual Studio 2013\Projects\Object-Oriented Programming\OOP_Projektet\DVA222_Project\Debug\DVA222_Project.exe" /INCREMENTAL /NOLOGO kernel32.lib user32.lib gdi32.lib winspool.lib comdlg32.lib advapi32.lib shell32.lib ole32.lib oleaut32.lib uuid.lib odbc32.lib odbccp32.lib /MANIFEST /MANIFESTUAC:"level='asInvoker' uiAccess='false'" /manifest:embed /DEBUG /PDB:"C:\Users\Frekke\Documents\Visual Studio 2013\Projects\Object-Oriented Programming\OOP_Projektet\DVA222_Project\Debug\DVA222_Project.pdb" /SUBSYSTEM:CONSOLE /TLBID:1 /DYNAMICBASE /NXCOMPAT /IMPLIB:"C:\Users\Frekke\Documents\Visual Studio 2013\Projects\Object-Oriented Programming\OOP_Projektet\DVA222_Project\Debug\DVA222_Project.lib" /MACHINE:X86 Debug\CheckBoxButton.obj
         Debug\Container.obj
         Debug\DVA222_Project.obj
         Debug\Graphix.obj
         Debug\ControlBase.obj
         Debug\ImageBox.obj
         Debug\MyButton.obj
         Debug\MyRadioButton.obj
         Debug\Panel.obj
         Debug\stdafx.obj
         Debug\TextLabel.obj
         DVA222_Project.vcxproj -> C:\Users\Frekke\Documents\Visual Studio 2013\Projects\Object-Oriented Programming\OOP_Projektet\DVA222_Project\Debug\DVA222_Project.exe
     1>Done Building Project "C:\Users\Frekke\Documents\Visual Studio 2013\Projects\Object-Oriented Programming\OOP_Projektet\DVA222_Project\DVA222_Project\DVA222_Project.vcxproj" (Build target(s)).

Build succeeded.

Time Elapsed 00:00:00.85
